<?xml version="1.0" encoding="UTF-8"?>
<!-- Generated by org.testng.reporters.JUnitXMLReporter -->
<testsuite hostname="Sampada-PC" ignored="3" name="Test" tests="4" failures="0" timestamp="26 Sep 2019 05:29:17 GMT" time="12.556" errors="0">
  <testcase name="CheckImages" time="0.35" classname="TestNg.Login"/>
  <testcase name="CheckTitle" time="0.053" classname="TestNg.Login"/>
  <testcase name="LoginTest" time="11.994" classname="TestNg.Login"/>
  <testcase name="HomePage" time="0.006" classname="TestNg.HomeTest"/>
  <testcase name="@AfterSuite Close_Browser" time="0.0" classname="TestNg.DriverDemo">
    <ignored/>
  </testcase> <!-- @AfterSuite Close_Browser -->
  <testcase name="CheckImages" time="0.0" classname="TestNg.HomeTest">
    <ignored/>
  </testcase> <!-- CheckImages -->
  <testcase name="@BeforeSuite Launch" time="0.0" classname="TestNg.DriverDemo">
    <ignored/>
  </testcase> <!-- @BeforeSuite Launch -->
</testsuite> <!-- Test -->
