<?xml version="1.0" encoding="UTF-8"?>
<!-- Generated by org.testng.reporters.JUnitXMLReporter -->
<testsuite hostname="Sampada-PC" ignored="0" name="Default test" tests="3" failures="0" timestamp="26 Sep 2019 04:59:55 GMT" time="12.483" errors="0">
  <testcase name="CheckTitle" time="0.181" classname="TestNg.Login"/>
  <testcase name="LoginTest" time="11.877" classname="TestNg.Login"/>
  <testcase name="CheckImages" time="0.304" classname="TestNg.Login"/>
</testsuite> <!-- Default test -->
